<?xml version="1.0" encoding="UTF-8" ?>
<testsuite failures="1" time="167.783" errors="0" skipped="0" tests="8" name="com.java.ex.hello.WebDriverDemoShootoutTest">
  <properties>
[...]
</properties>
  <testcase time="27.467" classname="com.java.ex.hello.WebDriverDemoShootoutTest" name="testLogin"/>
  <testcase time="15.343" classname="com.java.ex.hello.WebDriverDemoShootoutTest" name="testLoginFailsWithBadCredentials"/>
  <testcase time="18.119" classname="com.java.ex.hello.WebDriverDemoShootoutTest" name="testRegisterFailsWithoutName"/>
  <testcase time="21.221" classname="com.java.ex.hello.WebDriverDemoShootoutTest" name="testRegister"/>
  <testcase time="19.022" classname="com.java.ex.hello.WebDriverDemoShootoutTest" name="testRegisterFailsWithMismatchedPasswords"/>
  <testcase time="21.161" classname="com.java.ex.hello.WebDriverDemoShootoutTest" name="testRegisterFailsWithoutUsername"/>
  <testcase time="24.478" classname="com.java.ex.hello.WebDriverDemoShootoutTest" name="testRegisterFailsWithBadEmail">
    <failure message="Message not found expected:&lt;...ortion after the @: [bob])&gt; but was:&lt;...ortion after the @: [example])&gt;" type="org.junit.ComparisonFailure">org.junit.ComparisonFailure: Message not found expected:&lt;...ortion after the @: [bob])&gt; but was:&lt;...ortion after the @: [example])&gt;
	at org.junit.Assert.assertEquals(Assert.java:115)
	at com.java.ex.hello.WebDriverDemoShootoutTest.testRegisterFailsWithBadEmail(WebDriverDemoShootoutTest.java:108)
	at sun.reflect.NativeMethodAccessorImpl.invoke0(Native Method)
	at sun.reflect.NativeMethodAccessorImpl.invoke(NativeMethodAccessorImpl.java:57)
	at sun.reflect.DelegatingMethodAccessorImpl.invoke(DelegatingMethodAccessorImpl.java:43)
	at java.lang.reflect.Method.invoke(Method.java:606)
	at org.junit.runners.model.FrameworkMethod$1.runReflectiveCall(FrameworkMethod.java:47)
	at org.junit.internal.runners.model.ReflectiveCallable.run(ReflectiveCallable.java:12)
	at org.junit.runners.model.FrameworkMethod.invokeExplosively(FrameworkMethod.java:44)
	at org.junit.internal.runners.statements.InvokeMethod.evaluate(InvokeMethod.java:17)
	at org.junit.internal.runners.statements.RunBefores.evaluate(RunBefores.java:26)
	at org.junit.internal.runners.statements.RunAfters.evaluate(RunAfters.java:27)
	at org.junit.runners.ParentRunner.runLeaf(ParentRunner.java:271)
	at org.junit.runners.BlockJUnit4ClassRunner.runChild(BlockJUnit4ClassRunner.java:70)
	at org.junit.runners.BlockJUnit4ClassRunner.runChild(BlockJUnit4ClassRunner.java:50)
	at org.junit.runners.ParentRunner$3.run(ParentRunner.java:238)
	at org.junit.runners.ParentRunner$1.schedule(ParentRunner.java:63)
	at org.junit.runners.ParentRunner.runChildren(ParentRunner.java:236)
	at org.junit.runners.ParentRunner.access$000(ParentRunner.java:53)
	at org.junit.runners.ParentRunner$2.evaluate(ParentRunner.java:229)
	at org.junit.runners.ParentRunner.run(ParentRunner.java:309)
	at org.apache.maven.surefire.junit4.JUnit4Provider.execute(JUnit4Provider.java:252)
	at org.apache.maven.surefire.junit4.JUnit4Provider.executeTestSet(JUnit4Provider.java:141)
	at org.apache.maven.surefire.junit4.JUnit4Provider.invoke(JUnit4Provider.java:112)
	at sun.reflect.NativeMethodAccessorImpl.invoke0(Native Method)
	at sun.reflect.NativeMethodAccessorImpl.invoke(NativeMethodAccessorImpl.java:57)
	at sun.reflect.DelegatingMethodAccessorImpl.invoke(DelegatingMethodAccessorImpl.java:43)
	at java.lang.reflect.Method.invoke(Method.java:606)
	at org.apache.maven.surefire.util.ReflectionUtils.invokeMethodWithArray(ReflectionUtils.java:189)
	at org.apache.maven.surefire.booter.ProviderFactory$ProviderProxy.invoke(ProviderFactory.java:165)
	at org.apache.maven.surefire.booter.ProviderFactory.invokeProvider(ProviderFactory.java:85)
	at org.apache.maven.surefire.booter.ForkedBooter.runSuitesInProcess(ForkedBooter.java:115)
	at org.apache.maven.surefire.booter.ForkedBooter.main(ForkedBooter.java:75)
</failure>
  </testcase>
  <testcase time="20.972" classname="com.java.ex.hello.WebDriverDemoShootoutTest" name="testLogout"/>
</testsuite>